{"/Users/joan.talarn/Personal/school-timetable/src/App.tsx": {"path":"/Users/joan.talarn/Personal/school-timetable/src/App.tsx","all":false,"statementMap":{"0":{"start":{"line":1,"column":0},"end":{"line":1,"column":41}},"1":{"start":{"line":2,"column":0},"end":{"line":2,"column":32}},"2":{"start":{"line":3,"column":0},"end":{"line":3,"column":48}},"3":{"start":{"line":4,"column":0},"end":{"line":4,"column":18}},"5":{"start":{"line":6,"column":0},"end":{"line":6,"column":16}},"6":{"start":{"line":7,"column":0},"end":{"line":7,"column":49}},"8":{"start":{"line":9,"column":0},"end":{"line":9,"column":39}},"10":{"start":{"line":11,"column":0},"end":{"line":11,"column":10}},"11":{"start":{"line":12,"column":0},"end":{"line":12,"column":6}},"12":{"start":{"line":13,"column":0},"end":{"line":13,"column":11}},"13":{"start":{"line":14,"column":0},"end":{"line":14,"column":51}},"14":{"start":{"line":15,"column":0},"end":{"line":15,"column":64}},"15":{"start":{"line":16,"column":0},"end":{"line":16,"column":12}},"17":{"start":{"line":18,"column":0},"end":{"line":18,"column":12}},"18":{"start":{"line":19,"column":0},"end":{"line":19,"column":27}},"19":{"start":{"line":20,"column":0},"end":{"line":20,"column":28}},"20":{"start":{"line":21,"column":0},"end":{"line":21,"column":63}},"21":{"start":{"line":22,"column":0},"end":{"line":22,"column":26}},"22":{"start":{"line":23,"column":0},"end":{"line":23,"column":17}},"23":{"start":{"line":24,"column":0},"end":{"line":24,"column":11}},"24":{"start":{"line":25,"column":0},"end":{"line":25,"column":60}},"25":{"start":{"line":26,"column":0},"end":{"line":26,"column":12}},"26":{"start":{"line":27,"column":0},"end":{"line":27,"column":12}},"27":{"start":{"line":28,"column":0},"end":{"line":28,"column":35}},"29":{"start":{"line":30,"column":0},"end":{"line":30,"column":10}},"30":{"start":{"line":31,"column":0},"end":{"line":31,"column":9}},"32":{"start":{"line":33,"column":0},"end":{"line":33,"column":10}},"33":{"start":{"line":34,"column":0},"end":{"line":34,"column":22}},"34":{"start":{"line":35,"column":0},"end":{"line":35,"column":15}},"35":{"start":{"line":36,"column":0},"end":{"line":36,"column":33}},"36":{"start":{"line":37,"column":0},"end":{"line":37,"column":49}},"37":{"start":{"line":38,"column":0},"end":{"line":38,"column":9}},"39":{"start":{"line":40,"column":0},"end":{"line":40,"column":17}},"41":{"start":{"line":42,"column":0},"end":{"line":42,"column":7}},"43":{"start":{"line":44,"column":0},"end":{"line":44,"column":1}},"45":{"start":{"line":46,"column":0},"end":{"line":46,"column":18}}},"s":{"0":1,"1":1,"2":1,"3":1,"5":1,"6":1,"8":1,"10":1,"11":1,"12":1,"13":1,"14":1,"15":1,"17":1,"18":1,"19":1,"20":1,"21":1,"22":1,"23":1,"24":1,"25":1,"26":1,"27":1,"29":1,"30":1,"32":1,"33":1,"34":0,"35":0,"36":0,"37":0,"39":0,"41":1,"43":1,"45":1},"branchMap":{"0":{"type":"branch","line":6,"loc":{"start":{"line":6,"column":0},"end":{"line":44,"column":1}},"locations":[{"start":{"line":6,"column":0},"end":{"line":44,"column":1}}]},"1":{"type":"branch","line":34,"loc":{"start":{"line":34,"column":7},"end":{"line":40,"column":17}},"locations":[{"start":{"line":34,"column":7},"end":{"line":40,"column":17}}]}},"b":{"0":[1],"1":[0]},"fnMap":{"0":{"name":"App","decl":{"start":{"line":6,"column":0},"end":{"line":44,"column":1}},"loc":{"start":{"line":6,"column":0},"end":{"line":44,"column":1}},"line":6},"1":{"name":"onClick","decl":{"start":{"line":21,"column":25},"end":{"line":21,"column":63}},"loc":{"start":{"line":21,"column":25},"end":{"line":21,"column":63}},"line":21}},"f":{"0":1,"1":0}}
,"/Users/joan.talarn/Personal/school-timetable/src/main.tsx": {"path":"/Users/joan.talarn/Personal/school-timetable/src/main.tsx","all":true,"statementMap":{"0":{"start":{"line":1,"column":0},"end":{"line":1,"column":34}},"1":{"start":{"line":2,"column":0},"end":{"line":2,"column":45}},"2":{"start":{"line":3,"column":0},"end":{"line":3,"column":20}},"3":{"start":{"line":4,"column":0},"end":{"line":4,"column":27}},"5":{"start":{"line":6,"column":0},"end":{"line":6,"column":40}},"7":{"start":{"line":8,"column":0},"end":{"line":8,"column":20}},"8":{"start":{"line":9,"column":0},"end":{"line":9,"column":61}},"9":{"start":{"line":10,"column":0},"end":{"line":10,"column":36}},"10":{"start":{"line":11,"column":0},"end":{"line":11,"column":42}},"12":{"start":{"line":13,"column":0},"end":{"line":13,"column":77}},"13":{"start":{"line":14,"column":0},"end":{"line":14,"column":47}},"14":{"start":{"line":15,"column":0},"end":{"line":15,"column":6}},"15":{"start":{"line":16,"column":0},"end":{"line":16,"column":70}},"16":{"start":{"line":17,"column":0},"end":{"line":17,"column":17}},"17":{"start":{"line":18,"column":0},"end":{"line":18,"column":3}},"18":{"start":{"line":19,"column":0},"end":{"line":19,"column":1}},"19":{"start":{"line":20,"column":0},"end":{"line":20,"column":9}},"21":{"start":{"line":22,"column":0},"end":{"line":22,"column":52}},"22":{"start":{"line":23,"column":0},"end":{"line":23,"column":14}},"23":{"start":{"line":24,"column":0},"end":{"line":24,"column":11}},"24":{"start":{"line":25,"column":0},"end":{"line":25,"column":16}},"25":{"start":{"line":26,"column":0},"end":{"line":26,"column":1}}},"s":{"0":0,"1":0,"2":0,"3":0,"5":0,"7":0,"8":0,"9":0,"10":0,"12":0,"13":0,"14":0,"15":0,"16":0,"17":0,"18":0,"19":0,"21":0,"22":0,"23":0,"24":0,"25":0},"branchMap":{"0":{"type":"branch","line":1,"loc":{"start":{"line":1,"column":700},"end":{"line":26,"column":-450}},"locations":[{"start":{"line":1,"column":700},"end":{"line":26,"column":-450}}]}},"b":{"0":[0]},"fnMap":{"0":{"name":"(empty-report)","decl":{"start":{"line":1,"column":700},"end":{"line":26,"column":-450}},"loc":{"start":{"line":1,"column":700},"end":{"line":26,"column":-450}},"line":1}},"f":{"0":0}}
,"/Users/joan.talarn/Personal/school-timetable/src/dataLayer/db.ts": {"path":"/Users/joan.talarn/Personal/school-timetable/src/dataLayer/db.ts","all":false,"statementMap":{"3":{"start":{"line":4,"column":0},"end":{"line":4,"column":64}},"4":{"start":{"line":5,"column":0},"end":{"line":5,"column":68}},"6":{"start":{"line":7,"column":0},"end":{"line":7,"column":51}},"14":{"start":{"line":15,"column":0},"end":{"line":15,"column":35}},"15":{"start":{"line":16,"column":0},"end":{"line":16,"column":13}},"16":{"start":{"line":17,"column":0},"end":{"line":17,"column":10}},"17":{"start":{"line":18,"column":0},"end":{"line":18,"column":16}},"18":{"start":{"line":19,"column":0},"end":{"line":19,"column":2}},"20":{"start":{"line":21,"column":0},"end":{"line":21,"column":28}},"21":{"start":{"line":22,"column":0},"end":{"line":22,"column":46}},"22":{"start":{"line":23,"column":0},"end":{"line":23,"column":29}},"23":{"start":{"line":24,"column":0},"end":{"line":24,"column":6}},"24":{"start":{"line":25,"column":0},"end":{"line":25,"column":43}},"25":{"start":{"line":26,"column":0},"end":{"line":26,"column":72}},"26":{"start":{"line":27,"column":0},"end":{"line":27,"column":33}},"27":{"start":{"line":28,"column":0},"end":{"line":28,"column":7}},"28":{"start":{"line":29,"column":0},"end":{"line":29,"column":93}},"29":{"start":{"line":30,"column":0},"end":{"line":30,"column":81}},"30":{"start":{"line":31,"column":0},"end":{"line":31,"column":39}},"31":{"start":{"line":32,"column":0},"end":{"line":32,"column":7}},"32":{"start":{"line":33,"column":0},"end":{"line":33,"column":38}},"33":{"start":{"line":34,"column":0},"end":{"line":34,"column":10}},"34":{"start":{"line":35,"column":0},"end":{"line":35,"column":20}},"35":{"start":{"line":36,"column":0},"end":{"line":36,"column":2}},"36":{"start":{"line":37,"column":0},"end":{"line":37,"column":1}},"38":{"start":{"line":39,"column":0},"end":{"line":39,"column":64}},"39":{"start":{"line":40,"column":0},"end":{"line":40,"column":22}},"40":{"start":{"line":41,"column":0},"end":{"line":41,"column":27}},"41":{"start":{"line":42,"column":0},"end":{"line":42,"column":56}},"42":{"start":{"line":43,"column":0},"end":{"line":43,"column":12}},"43":{"start":{"line":44,"column":0},"end":{"line":44,"column":1}}},"s":{"3":1,"4":1,"6":1,"14":1,"15":8,"16":8,"17":8,"18":8,"20":27,"21":27,"22":27,"23":19,"24":19,"25":19,"26":19,"27":0,"28":27,"29":27,"30":19,"31":0,"32":27,"33":27,"34":0,"35":0,"36":27,"38":16,"39":16,"40":16,"41":16,"42":16,"43":16},"branchMap":{"0":{"type":"branch","line":15,"loc":{"start":{"line":15,"column":18},"end":{"line":19,"column":2}},"locations":[{"start":{"line":15,"column":18},"end":{"line":19,"column":2}}]},"1":{"type":"branch","line":21,"loc":{"start":{"line":21,"column":0},"end":{"line":37,"column":1}},"locations":[{"start":{"line":21,"column":0},"end":{"line":37,"column":1}}]},"2":{"type":"branch","line":23,"loc":{"start":{"line":23,"column":11},"end":{"line":23,"column":29}},"locations":[{"start":{"line":23,"column":11},"end":{"line":23,"column":29}}]},"3":{"type":"branch","line":23,"loc":{"start":{"line":23,"column":28},"end":{"line":27,"column":33}},"locations":[{"start":{"line":23,"column":28},"end":{"line":27,"column":33}}]},"4":{"type":"branch","line":27,"loc":{"start":{"line":27,"column":13},"end":{"line":28,"column":7}},"locations":[{"start":{"line":27,"column":13},"end":{"line":28,"column":7}}]},"5":{"type":"branch","line":29,"loc":{"start":{"line":29,"column":56},"end":{"line":29,"column":91}},"locations":[{"start":{"line":29,"column":56},"end":{"line":29,"column":91}}]},"6":{"type":"branch","line":29,"loc":{"start":{"line":29,"column":74},"end":{"line":29,"column":93}},"locations":[{"start":{"line":29,"column":74},"end":{"line":29,"column":93}}]},"7":{"type":"branch","line":30,"loc":{"start":{"line":30,"column":74},"end":{"line":31,"column":39}},"locations":[{"start":{"line":30,"column":74},"end":{"line":31,"column":39}}]},"8":{"type":"branch","line":31,"loc":{"start":{"line":31,"column":13},"end":{"line":32,"column":7}},"locations":[{"start":{"line":31,"column":13},"end":{"line":32,"column":7}}]},"9":{"type":"branch","line":34,"loc":{"start":{"line":34,"column":1},"end":{"line":36,"column":2}},"locations":[{"start":{"line":34,"column":1},"end":{"line":36,"column":2}}]},"10":{"type":"branch","line":39,"loc":{"start":{"line":39,"column":0},"end":{"line":44,"column":1}},"locations":[{"start":{"line":39,"column":0},"end":{"line":44,"column":1}}]}},"b":{"0":[8],"1":[27],"2":[8],"3":[19],"4":[0],"5":[19],"6":[0],"7":[19],"8":[0],"9":[0],"10":[16]},"fnMap":{"0":{"name":"defaultDB","decl":{"start":{"line":15,"column":18},"end":{"line":19,"column":2}},"loc":{"start":{"line":15,"column":18},"end":{"line":19,"column":2}},"line":15},"1":{"name":"readDB","decl":{"start":{"line":21,"column":0},"end":{"line":37,"column":1}},"loc":{"start":{"line":21,"column":0},"end":{"line":37,"column":1}},"line":21},"2":{"name":"writeDB","decl":{"start":{"line":39,"column":0},"end":{"line":44,"column":1}},"loc":{"start":{"line":39,"column":0},"end":{"line":44,"column":1}},"line":39}},"f":{"0":8,"1":27,"2":16}}
,"/Users/joan.talarn/Personal/school-timetable/src/dataLayer/exportImport.ts": {"path":"/Users/joan.talarn/Personal/school-timetable/src/dataLayer/exportImport.ts","all":true,"statementMap":{"0":{"start":{"line":1,"column":0},"end":{"line":1,"column":65}},"1":{"start":{"line":2,"column":0},"end":{"line":2,"column":42}},"2":{"start":{"line":3,"column":0},"end":{"line":3,"column":46}},"4":{"start":{"line":5,"column":0},"end":{"line":5,"column":51}},"5":{"start":{"line":6,"column":0},"end":{"line":6,"column":20}},"6":{"start":{"line":7,"column":0},"end":{"line":7,"column":31}},"7":{"start":{"line":8,"column":0},"end":{"line":8,"column":13}},"8":{"start":{"line":9,"column":0},"end":{"line":9,"column":22}},"9":{"start":{"line":10,"column":0},"end":{"line":10,"column":16}},"10":{"start":{"line":11,"column":0},"end":{"line":11,"column":28}},"11":{"start":{"line":12,"column":0},"end":{"line":12,"column":2}},"12":{"start":{"line":13,"column":0},"end":{"line":13,"column":45}},"13":{"start":{"line":14,"column":0},"end":{"line":14,"column":14}},"14":{"start":{"line":15,"column":0},"end":{"line":15,"column":1}},"16":{"start":{"line":17,"column":0},"end":{"line":17,"column":62}},"17":{"start":{"line":18,"column":0},"end":{"line":18,"column":52}},"18":{"start":{"line":19,"column":0},"end":{"line":19,"column":34}},"19":{"start":{"line":20,"column":0},"end":{"line":20,"column":82}},"20":{"start":{"line":21,"column":0},"end":{"line":21,"column":30}},"21":{"start":{"line":22,"column":0},"end":{"line":22,"column":22}},"22":{"start":{"line":23,"column":0},"end":{"line":23,"column":1}},"24":{"start":{"line":25,"column":0},"end":{"line":25,"column":97}},"25":{"start":{"line":26,"column":0},"end":{"line":26,"column":6}},"26":{"start":{"line":27,"column":0},"end":{"line":27,"column":54}},"27":{"start":{"line":28,"column":0},"end":{"line":28,"column":70}},"28":{"start":{"line":29,"column":0},"end":{"line":29,"column":42}},"29":{"start":{"line":30,"column":0},"end":{"line":30,"column":32}},"30":{"start":{"line":31,"column":0},"end":{"line":31,"column":64}},"31":{"start":{"line":32,"column":0},"end":{"line":32,"column":30}},"32":{"start":{"line":33,"column":0},"end":{"line":33,"column":59}},"34":{"start":{"line":35,"column":0},"end":{"line":35,"column":23}},"35":{"start":{"line":36,"column":0},"end":{"line":36,"column":15}},"36":{"start":{"line":37,"column":0},"end":{"line":37,"column":19}},"37":{"start":{"line":38,"column":0},"end":{"line":38,"column":28}},"38":{"start":{"line":39,"column":0},"end":{"line":39,"column":22}},"39":{"start":{"line":40,"column":0},"end":{"line":40,"column":34}},"40":{"start":{"line":41,"column":0},"end":{"line":41,"column":6}},"41":{"start":{"line":42,"column":0},"end":{"line":42,"column":3}},"42":{"start":{"line":43,"column":0},"end":{"line":43,"column":21}},"43":{"start":{"line":44,"column":0},"end":{"line":44,"column":23}},"44":{"start":{"line":45,"column":0},"end":{"line":45,"column":79}},"45":{"start":{"line":46,"column":0},"end":{"line":46,"column":2}},"46":{"start":{"line":47,"column":0},"end":{"line":47,"column":1}}},"s":{"0":0,"1":0,"2":0,"4":0,"5":0,"6":0,"7":0,"8":0,"9":0,"10":0,"11":0,"12":0,"13":0,"14":0,"16":0,"17":0,"18":0,"19":0,"20":0,"21":0,"22":0,"24":0,"25":0,"26":0,"27":0,"28":0,"29":0,"30":0,"31":0,"32":0,"34":0,"35":0,"36":0,"37":0,"38":0,"39":0,"40":0,"41":0,"42":0,"43":0,"44":0,"45":0,"46":0},"branchMap":{"0":{"type":"branch","line":1,"loc":{"start":{"line":1,"column":1499},"end":{"line":47,"column":1}},"locations":[{"start":{"line":1,"column":1499},"end":{"line":47,"column":1}}]}},"b":{"0":[0]},"fnMap":{"0":{"name":"(empty-report)","decl":{"start":{"line":1,"column":1499},"end":{"line":47,"column":1}},"loc":{"start":{"line":1,"column":1499},"end":{"line":47,"column":1}},"line":1}},"f":{"0":0}}
,"/Users/joan.talarn/Personal/school-timetable/src/dataLayer/kids.ts": {"path":"/Users/joan.talarn/Personal/school-timetable/src/dataLayer/kids.ts","all":false,"statementMap":{"1":{"start":{"line":2,"column":0},"end":{"line":2,"column":33}},"2":{"start":{"line":3,"column":0},"end":{"line":3,"column":38}},"3":{"start":{"line":4,"column":0},"end":{"line":4,"column":36}},"4":{"start":{"line":5,"column":0},"end":{"line":5,"column":35}},"9":{"start":{"line":10,"column":0},"end":{"line":10,"column":35}},"10":{"start":{"line":11,"column":0},"end":{"line":11,"column":21}},"11":{"start":{"line":12,"column":0},"end":{"line":12,"column":1}},"13":{"start":{"line":14,"column":0},"end":{"line":14,"column":56}},"14":{"start":{"line":15,"column":0},"end":{"line":15,"column":43}},"15":{"start":{"line":16,"column":0},"end":{"line":16,"column":17}},"16":{"start":{"line":17,"column":0},"end":{"line":17,"column":8}},"17":{"start":{"line":18,"column":0},"end":{"line":18,"column":27}},"18":{"start":{"line":19,"column":0},"end":{"line":19,"column":15}},"19":{"start":{"line":20,"column":0},"end":{"line":20,"column":20}},"20":{"start":{"line":21,"column":0},"end":{"line":21,"column":67}},"21":{"start":{"line":22,"column":0},"end":{"line":22,"column":4}},"22":{"start":{"line":23,"column":0},"end":{"line":23,"column":4}},"23":{"start":{"line":24,"column":0},"end":{"line":24,"column":12}},"24":{"start":{"line":25,"column":0},"end":{"line":25,"column":1}},"26":{"start":{"line":27,"column":0},"end":{"line":27,"column":77}},"27":{"start":{"line":28,"column":0},"end":{"line":28,"column":26}},"28":{"start":{"line":29,"column":0},"end":{"line":29,"column":16}},"29":{"start":{"line":30,"column":0},"end":{"line":30,"column":81}},"30":{"start":{"line":31,"column":0},"end":{"line":31,"column":45}},"31":{"start":{"line":32,"column":0},"end":{"line":32,"column":24}},"32":{"start":{"line":33,"column":0},"end":{"line":33,"column":3}},"33":{"start":{"line":34,"column":0},"end":{"line":34,"column":13}},"34":{"start":{"line":35,"column":0},"end":{"line":35,"column":1}},"36":{"start":{"line":37,"column":0},"end":{"line":37,"column":45}},"37":{"start":{"line":38,"column":0},"end":{"line":38,"column":17}},"38":{"start":{"line":39,"column":0},"end":{"line":39,"column":8}},"39":{"start":{"line":40,"column":0},"end":{"line":40,"column":41}},"40":{"start":{"line":41,"column":0},"end":{"line":41,"column":58}},"41":{"start":{"line":42,"column":0},"end":{"line":42,"column":4}},"42":{"start":{"line":43,"column":0},"end":{"line":43,"column":1}}},"s":{"1":1,"2":1,"3":1,"4":1,"9":1,"10":3,"11":3,"13":1,"14":3,"15":3,"16":3,"17":3,"18":3,"19":3,"20":3,"21":3,"22":3,"23":3,"24":3,"26":1,"27":1,"28":1,"29":1,"30":1,"31":1,"32":1,"33":1,"34":1,"36":1,"37":1,"38":1,"39":1,"40":1,"41":1,"42":1},"branchMap":{"0":{"type":"branch","line":10,"loc":{"start":{"line":10,"column":7},"end":{"line":12,"column":1}},"locations":[{"start":{"line":10,"column":7},"end":{"line":12,"column":1}}]},"1":{"type":"branch","line":14,"loc":{"start":{"line":14,"column":7},"end":{"line":25,"column":1}},"locations":[{"start":{"line":14,"column":7},"end":{"line":25,"column":1}}]},"2":{"type":"branch","line":16,"loc":{"start":{"line":16,"column":9},"end":{"line":23,"column":3}},"locations":[{"start":{"line":16,"column":9},"end":{"line":23,"column":3}}]},"3":{"type":"branch","line":27,"loc":{"start":{"line":27,"column":7},"end":{"line":35,"column":1}},"locations":[{"start":{"line":27,"column":7},"end":{"line":35,"column":1}}]},"4":{"type":"branch","line":29,"loc":{"start":{"line":29,"column":9},"end":{"line":33,"column":2}},"locations":[{"start":{"line":29,"column":9},"end":{"line":33,"column":2}}]},"5":{"type":"branch","line":31,"loc":{"start":{"line":31,"column":13},"end":{"line":31,"column":45}},"locations":[{"start":{"line":31,"column":13},"end":{"line":31,"column":45}}]},"6":{"type":"branch","line":30,"loc":{"start":{"line":30,"column":27},"end":{"line":30,"column":80}},"locations":[{"start":{"line":30,"column":27},"end":{"line":30,"column":80}}]},"7":{"type":"branch","line":30,"loc":{"start":{"line":30,"column":42},"end":{"line":30,"column":78}},"locations":[{"start":{"line":30,"column":42},"end":{"line":30,"column":78}}]},"8":{"type":"branch","line":30,"loc":{"start":{"line":30,"column":72},"end":{"line":30,"column":80}},"locations":[{"start":{"line":30,"column":72},"end":{"line":30,"column":80}}]},"9":{"type":"branch","line":37,"loc":{"start":{"line":37,"column":7},"end":{"line":43,"column":1}},"locations":[{"start":{"line":37,"column":7},"end":{"line":43,"column":1}}]},"10":{"type":"branch","line":38,"loc":{"start":{"line":38,"column":9},"end":{"line":42,"column":3}},"locations":[{"start":{"line":38,"column":9},"end":{"line":42,"column":3}}]},"11":{"type":"branch","line":40,"loc":{"start":{"line":40,"column":23},"end":{"line":40,"column":39}},"locations":[{"start":{"line":40,"column":23},"end":{"line":40,"column":39}}]},"12":{"type":"branch","line":41,"loc":{"start":{"line":41,"column":35},"end":{"line":41,"column":56}},"locations":[{"start":{"line":41,"column":35},"end":{"line":41,"column":56}}]}},"b":{"0":[3],"1":[3],"2":[3],"3":[1],"4":[1],"5":[0],"6":[2],"7":[1],"8":[1],"9":[1],"10":[1],"11":[3],"12":[3]},"fnMap":{"0":{"name":"listKids","decl":{"start":{"line":10,"column":7},"end":{"line":12,"column":1}},"loc":{"start":{"line":10,"column":7},"end":{"line":12,"column":1}},"line":10},"1":{"name":"createKid","decl":{"start":{"line":14,"column":7},"end":{"line":25,"column":1}},"loc":{"start":{"line":14,"column":7},"end":{"line":25,"column":1}},"line":14},"2":{"name":"updateKid","decl":{"start":{"line":27,"column":7},"end":{"line":35,"column":1}},"loc":{"start":{"line":27,"column":7},"end":{"line":35,"column":1}},"line":27},"3":{"name":"deleteKid","decl":{"start":{"line":37,"column":7},"end":{"line":43,"column":1}},"loc":{"start":{"line":37,"column":7},"end":{"line":43,"column":1}},"line":37}},"f":{"0":3,"1":3,"2":1,"3":1}}
,"/Users/joan.talarn/Personal/school-timetable/src/dataLayer/matters.ts": {"path":"/Users/joan.talarn/Personal/school-timetable/src/dataLayer/matters.ts","all":false,"statementMap":{"0":{"start":{"line":1,"column":0},"end":{"line":1,"column":23}},"1":{"start":{"line":2,"column":0},"end":{"line":2,"column":33}},"2":{"start":{"line":3,"column":0},"end":{"line":3,"column":38}},"5":{"start":{"line":6,"column":0},"end":{"line":6,"column":38}},"6":{"start":{"line":7,"column":0},"end":{"line":7,"column":16}},"7":{"start":{"line":8,"column":0},"end":{"line":8,"column":25}},"8":{"start":{"line":9,"column":0},"end":{"line":9,"column":59}},"9":{"start":{"line":10,"column":0},"end":{"line":10,"column":2}},"13":{"start":{"line":14,"column":0},"end":{"line":14,"column":41}},"14":{"start":{"line":15,"column":0},"end":{"line":15,"column":24}},"15":{"start":{"line":16,"column":0},"end":{"line":16,"column":1}},"17":{"start":{"line":18,"column":0},"end":{"line":18,"column":65}},"18":{"start":{"line":19,"column":0},"end":{"line":19,"column":46}},"19":{"start":{"line":20,"column":0},"end":{"line":20,"column":59}},"20":{"start":{"line":21,"column":0},"end":{"line":21,"column":12}},"21":{"start":{"line":22,"column":0},"end":{"line":22,"column":1}},"23":{"start":{"line":24,"column":0},"end":{"line":24,"column":86}},"24":{"start":{"line":25,"column":0},"end":{"line":25,"column":29}},"25":{"start":{"line":26,"column":0},"end":{"line":26,"column":16}},"26":{"start":{"line":27,"column":0},"end":{"line":27,"column":87}},"27":{"start":{"line":28,"column":0},"end":{"line":28,"column":48}},"28":{"start":{"line":29,"column":0},"end":{"line":29,"column":27}},"29":{"start":{"line":30,"column":0},"end":{"line":30,"column":3}},"30":{"start":{"line":31,"column":0},"end":{"line":31,"column":13}},"31":{"start":{"line":32,"column":0},"end":{"line":32,"column":1}},"33":{"start":{"line":34,"column":0},"end":{"line":34,"column":48}},"34":{"start":{"line":35,"column":0},"end":{"line":35,"column":17}},"35":{"start":{"line":36,"column":0},"end":{"line":36,"column":8}},"36":{"start":{"line":37,"column":0},"end":{"line":37,"column":47}},"37":{"start":{"line":38,"column":0},"end":{"line":38,"column":40}},"38":{"start":{"line":39,"column":0},"end":{"line":39,"column":9}},"39":{"start":{"line":40,"column":0},"end":{"line":40,"column":28}},"40":{"start":{"line":41,"column":0},"end":{"line":41,"column":50}},"41":{"start":{"line":42,"column":0},"end":{"line":42,"column":7}},"42":{"start":{"line":43,"column":0},"end":{"line":43,"column":47}},"43":{"start":{"line":44,"column":0},"end":{"line":44,"column":7}},"44":{"start":{"line":45,"column":0},"end":{"line":45,"column":26}},"45":{"start":{"line":46,"column":0},"end":{"line":46,"column":6}},"46":{"start":{"line":47,"column":0},"end":{"line":47,"column":4}},"47":{"start":{"line":48,"column":0},"end":{"line":48,"column":1}}},"s":{"0":1,"1":1,"2":1,"5":1,"6":1,"7":1,"8":1,"9":1,"13":1,"14":3,"15":3,"17":1,"18":3,"19":3,"20":3,"21":3,"23":1,"24":1,"25":1,"26":1,"27":1,"28":1,"29":1,"30":1,"31":1,"33":1,"34":1,"35":1,"36":1,"37":1,"38":0,"39":0,"40":0,"41":0,"42":0,"43":0,"44":0,"45":1,"46":1,"47":1},"branchMap":{"0":{"type":"branch","line":14,"loc":{"start":{"line":14,"column":7},"end":{"line":16,"column":1}},"locations":[{"start":{"line":14,"column":7},"end":{"line":16,"column":1}}]},"1":{"type":"branch","line":18,"loc":{"start":{"line":18,"column":7},"end":{"line":22,"column":1}},"locations":[{"start":{"line":18,"column":7},"end":{"line":22,"column":1}}]},"2":{"type":"branch","line":20,"loc":{"start":{"line":20,"column":9},"end":{"line":20,"column":58}},"locations":[{"start":{"line":20,"column":9},"end":{"line":20,"column":58}}]},"3":{"type":"branch","line":24,"loc":{"start":{"line":24,"column":7},"end":{"line":32,"column":1}},"locations":[{"start":{"line":24,"column":7},"end":{"line":32,"column":1}}]},"4":{"type":"branch","line":26,"loc":{"start":{"line":26,"column":9},"end":{"line":30,"column":2}},"locations":[{"start":{"line":26,"column":9},"end":{"line":30,"column":2}}]},"5":{"type":"branch","line":28,"loc":{"start":{"line":28,"column":13},"end":{"line":28,"column":48}},"locations":[{"start":{"line":28,"column":13},"end":{"line":28,"column":48}}]},"6":{"type":"branch","line":27,"loc":{"start":{"line":27,"column":33},"end":{"line":27,"column":86}},"locations":[{"start":{"line":27,"column":33},"end":{"line":27,"column":86}}]},"7":{"type":"branch","line":27,"loc":{"start":{"line":27,"column":48},"end":{"line":27,"column":84}},"locations":[{"start":{"line":27,"column":48},"end":{"line":27,"column":84}}]},"8":{"type":"branch","line":27,"loc":{"start":{"line":27,"column":78},"end":{"line":27,"column":86}},"locations":[{"start":{"line":27,"column":78},"end":{"line":27,"column":86}}]},"9":{"type":"branch","line":34,"loc":{"start":{"line":34,"column":7},"end":{"line":48,"column":1}},"locations":[{"start":{"line":34,"column":7},"end":{"line":48,"column":1}}]},"10":{"type":"branch","line":35,"loc":{"start":{"line":35,"column":9},"end":{"line":47,"column":3}},"locations":[{"start":{"line":35,"column":9},"end":{"line":47,"column":3}}]},"11":{"type":"branch","line":37,"loc":{"start":{"line":37,"column":29},"end":{"line":37,"column":45}},"locations":[{"start":{"line":37,"column":29},"end":{"line":37,"column":45}}]}},"b":{"0":[3],"1":[3],"2":[3],"3":[1],"4":[1],"5":[0],"6":[2],"7":[1],"8":[1],"9":[1],"10":[1],"11":[3]},"fnMap":{"0":{"name":"listMatters","decl":{"start":{"line":14,"column":7},"end":{"line":16,"column":1}},"loc":{"start":{"line":14,"column":7},"end":{"line":16,"column":1}},"line":14},"1":{"name":"createMatter","decl":{"start":{"line":18,"column":7},"end":{"line":22,"column":1}},"loc":{"start":{"line":18,"column":7},"end":{"line":22,"column":1}},"line":18},"2":{"name":"updateMatter","decl":{"start":{"line":24,"column":7},"end":{"line":32,"column":1}},"loc":{"start":{"line":24,"column":7},"end":{"line":32,"column":1}},"line":24},"3":{"name":"deleteMatter","decl":{"start":{"line":34,"column":7},"end":{"line":48,"column":1}},"loc":{"start":{"line":34,"column":7},"end":{"line":48,"column":1}},"line":34}},"f":{"0":3,"1":3,"2":1,"3":1}}
,"/Users/joan.talarn/Personal/school-timetable/src/dataLayer/queryKeys.ts": {"path":"/Users/joan.talarn/Personal/school-timetable/src/dataLayer/queryKeys.ts","all":false,"statementMap":{"0":{"start":{"line":1,"column":0},"end":{"line":1,"column":19}},"1":{"start":{"line":2,"column":0},"end":{"line":2,"column":23}},"2":{"start":{"line":3,"column":0},"end":{"line":3,"column":48}},"3":{"start":{"line":4,"column":0},"end":{"line":4,"column":56}},"4":{"start":{"line":5,"column":0},"end":{"line":5,"column":42}},"5":{"start":{"line":6,"column":0},"end":{"line":6,"column":50}},"6":{"start":{"line":7,"column":0},"end":{"line":7,"column":54}},"7":{"start":{"line":8,"column":0},"end":{"line":8,"column":73}},"8":{"start":{"line":9,"column":0},"end":{"line":9,"column":1}}},"s":{"0":1,"1":1,"2":1,"3":1,"4":1,"5":1,"6":1,"7":1,"8":1},"branchMap":{"0":{"type":"branch","line":3,"loc":{"start":{"line":3,"column":10},"end":{"line":3,"column":48}},"locations":[{"start":{"line":3,"column":10},"end":{"line":3,"column":48}}]},"1":{"type":"branch","line":5,"loc":{"start":{"line":5,"column":7},"end":{"line":5,"column":42}},"locations":[{"start":{"line":5,"column":7},"end":{"line":5,"column":42}}]},"2":{"type":"branch","line":7,"loc":{"start":{"line":7,"column":13},"end":{"line":7,"column":54}},"locations":[{"start":{"line":7,"column":13},"end":{"line":7,"column":54}}]},"3":{"type":"branch","line":8,"loc":{"start":{"line":8,"column":17},"end":{"line":8,"column":73}},"locations":[{"start":{"line":8,"column":17},"end":{"line":8,"column":73}}]}},"b":{"0":[1],"1":[1],"2":[1],"3":[1]},"fnMap":{"0":{"name":"matters","decl":{"start":{"line":3,"column":10},"end":{"line":3,"column":48}},"loc":{"start":{"line":3,"column":10},"end":{"line":3,"column":48}},"line":3},"1":{"name":"matter","decl":{"start":{"line":4,"column":9},"end":{"line":4,"column":56}},"loc":{"start":{"line":4,"column":9},"end":{"line":4,"column":56}},"line":4},"2":{"name":"kids","decl":{"start":{"line":5,"column":7},"end":{"line":5,"column":42}},"loc":{"start":{"line":5,"column":7},"end":{"line":5,"column":42}},"line":5},"3":{"name":"kid","decl":{"start":{"line":6,"column":6},"end":{"line":6,"column":50}},"loc":{"start":{"line":6,"column":6},"end":{"line":6,"column":50}},"line":6},"4":{"name":"timetables","decl":{"start":{"line":7,"column":13},"end":{"line":7,"column":54}},"loc":{"start":{"line":7,"column":13},"end":{"line":7,"column":54}},"line":7},"5":{"name":"timetableByKid","decl":{"start":{"line":8,"column":17},"end":{"line":8,"column":73}},"loc":{"start":{"line":8,"column":17},"end":{"line":8,"column":73}},"line":8}},"f":{"0":1,"1":0,"2":1,"3":0,"4":1,"5":1}}
,"/Users/joan.talarn/Personal/school-timetable/src/dataLayer/schemas.ts": {"path":"/Users/joan.talarn/Personal/school-timetable/src/dataLayer/schemas.ts","all":false,"statementMap":{"0":{"start":{"line":1,"column":0},"end":{"line":1,"column":20}},"2":{"start":{"line":3,"column":0},"end":{"line":3,"column":38}},"3":{"start":{"line":4,"column":0},"end":{"line":4,"column":16}},"4":{"start":{"line":5,"column":0},"end":{"line":5,"column":25}},"5":{"start":{"line":6,"column":0},"end":{"line":6,"column":59}},"6":{"start":{"line":7,"column":0},"end":{"line":7,"column":3}},"9":{"start":{"line":10,"column":0},"end":{"line":10,"column":35}},"10":{"start":{"line":11,"column":0},"end":{"line":11,"column":16}},"11":{"start":{"line":12,"column":0},"end":{"line":12,"column":25}},"12":{"start":{"line":13,"column":0},"end":{"line":13,"column":3}},"15":{"start":{"line":16,"column":0},"end":{"line":16,"column":87}},"18":{"start":{"line":19,"column":0},"end":{"line":19,"column":24}},"19":{"start":{"line":20,"column":0},"end":{"line":20,"column":73}},"21":{"start":{"line":22,"column":0},"end":{"line":22,"column":41}},"22":{"start":{"line":23,"column":0},"end":{"line":23,"column":16}},"23":{"start":{"line":24,"column":0},"end":{"line":24,"column":22}},"24":{"start":{"line":25,"column":0},"end":{"line":25,"column":21}},"25":{"start":{"line":26,"column":0},"end":{"line":26,"column":19}},"26":{"start":{"line":27,"column":0},"end":{"line":27,"column":3}},"30":{"start":{"line":31,"column":0},"end":{"line":31,"column":41}},"31":{"start":{"line":32,"column":0},"end":{"line":32,"column":19}},"32":{"start":{"line":33,"column":0},"end":{"line":33,"column":57}},"33":{"start":{"line":34,"column":0},"end":{"line":34,"column":3}},"36":{"start":{"line":37,"column":0},"end":{"line":37,"column":44}},"37":{"start":{"line":38,"column":0},"end":{"line":38,"column":23}},"38":{"start":{"line":39,"column":0},"end":{"line":39,"column":32}},"39":{"start":{"line":40,"column":0},"end":{"line":40,"column":26}},"40":{"start":{"line":41,"column":0},"end":{"line":41,"column":38}},"41":{"start":{"line":42,"column":0},"end":{"line":42,"column":3}}},"s":{"0":1,"2":1,"3":1,"4":1,"5":1,"6":1,"9":1,"10":1,"11":1,"12":1,"15":1,"18":1,"19":8,"21":1,"22":1,"23":1,"24":1,"25":1,"26":1,"30":1,"31":1,"32":1,"33":1,"36":1,"37":1,"38":1,"39":1,"40":1,"41":1},"branchMap":{"0":{"type":"branch","line":19,"loc":{"start":{"line":19,"column":19},"end":{"line":20,"column":73}},"locations":[{"start":{"line":19,"column":19},"end":{"line":20,"column":73}}]}},"b":{"0":[8]},"fnMap":{"0":{"name":"timeString","decl":{"start":{"line":19,"column":19},"end":{"line":20,"column":73}},"loc":{"start":{"line":19,"column":19},"end":{"line":20,"column":73}},"line":19}},"f":{"0":8}}
,"/Users/joan.talarn/Personal/school-timetable/src/dataLayer/seeds.ts": {"path":"/Users/joan.talarn/Personal/school-timetable/src/dataLayer/seeds.ts","all":true,"statementMap":{"0":{"start":{"line":1,"column":0},"end":{"line":1,"column":30}},"1":{"start":{"line":2,"column":0},"end":{"line":2,"column":35}},"2":{"start":{"line":3,"column":0},"end":{"line":3,"column":41}},"3":{"start":{"line":4,"column":0},"end":{"line":4,"column":40}},"5":{"start":{"line":6,"column":0},"end":{"line":6,"column":31}},"6":{"start":{"line":7,"column":0},"end":{"line":7,"column":34}},"7":{"start":{"line":8,"column":0},"end":{"line":8,"column":63}},"8":{"start":{"line":9,"column":0},"end":{"line":9,"column":65}},"9":{"start":{"line":10,"column":0},"end":{"line":10,"column":61}},"11":{"start":{"line":12,"column":0},"end":{"line":12,"column":44}},"12":{"start":{"line":13,"column":0},"end":{"line":13,"column":40}},"14":{"start":{"line":15,"column":0},"end":{"line":15,"column":11}},"15":{"start":{"line":16,"column":0},"end":{"line":16,"column":18}},"16":{"start":{"line":17,"column":0},"end":{"line":17,"column":13}},"17":{"start":{"line":18,"column":0},"end":{"line":18,"column":61}},"18":{"start":{"line":19,"column":0},"end":{"line":19,"column":4}},"19":{"start":{"line":20,"column":0},"end":{"line":20,"column":11}},"20":{"start":{"line":21,"column":0},"end":{"line":21,"column":18}},"21":{"start":{"line":22,"column":0},"end":{"line":22,"column":13}},"22":{"start":{"line":23,"column":0},"end":{"line":23,"column":60}},"23":{"start":{"line":24,"column":0},"end":{"line":24,"column":4}},"24":{"start":{"line":25,"column":0},"end":{"line":25,"column":11}},"25":{"start":{"line":26,"column":0},"end":{"line":26,"column":16}},"26":{"start":{"line":27,"column":0},"end":{"line":27,"column":13}},"27":{"start":{"line":28,"column":0},"end":{"line":28,"column":60}},"28":{"start":{"line":29,"column":0},"end":{"line":29,"column":4}},"29":{"start":{"line":30,"column":0},"end":{"line":30,"column":1}}},"s":{"0":0,"1":0,"2":0,"3":0,"5":0,"6":0,"7":0,"8":0,"9":0,"11":0,"12":0,"14":0,"15":0,"16":0,"17":0,"18":0,"19":0,"20":0,"21":0,"22":0,"23":0,"24":0,"25":0,"26":0,"27":0,"28":0,"29":0},"branchMap":{"0":{"type":"branch","line":1,"loc":{"start":{"line":1,"column":831},"end":{"line":30,"column":1}},"locations":[{"start":{"line":1,"column":831},"end":{"line":30,"column":1}}]}},"b":{"0":[0]},"fnMap":{"0":{"name":"(empty-report)","decl":{"start":{"line":1,"column":831},"end":{"line":30,"column":1}},"loc":{"start":{"line":1,"column":831},"end":{"line":30,"column":1}},"line":1}},"f":{"0":0}}
,"/Users/joan.talarn/Personal/school-timetable/src/dataLayer/timetables.ts": {"path":"/Users/joan.talarn/Personal/school-timetable/src/dataLayer/timetables.ts","all":false,"statementMap":{"1":{"start":{"line":2,"column":0},"end":{"line":2,"column":33}},"2":{"start":{"line":3,"column":0},"end":{"line":3,"column":72}},"3":{"start":{"line":4,"column":0},"end":{"line":4,"column":51}},"4":{"start":{"line":5,"column":0},"end":{"line":5,"column":38}},"6":{"start":{"line":7,"column":0},"end":{"line":7,"column":56}},"7":{"start":{"line":8,"column":0},"end":{"line":8,"column":20}},"8":{"start":{"line":9,"column":0},"end":{"line":9,"column":54}},"9":{"start":{"line":10,"column":0},"end":{"line":10,"column":18}},"10":{"start":{"line":11,"column":0},"end":{"line":11,"column":54}},"11":{"start":{"line":12,"column":0},"end":{"line":12,"column":72}},"12":{"start":{"line":13,"column":0},"end":{"line":13,"column":13}},"13":{"start":{"line":14,"column":0},"end":{"line":14,"column":1}},"15":{"start":{"line":16,"column":0},"end":{"line":16,"column":38}},"19":{"start":{"line":20,"column":0},"end":{"line":20,"column":15}},"20":{"start":{"line":21,"column":0},"end":{"line":21,"column":47}},"21":{"start":{"line":22,"column":0},"end":{"line":22,"column":24}},"22":{"start":{"line":23,"column":0},"end":{"line":23,"column":16}},"23":{"start":{"line":24,"column":0},"end":{"line":24,"column":46}},"24":{"start":{"line":25,"column":0},"end":{"line":25,"column":43}},"25":{"start":{"line":26,"column":0},"end":{"line":26,"column":14}},"26":{"start":{"line":27,"column":0},"end":{"line":27,"column":10}},"27":{"start":{"line":28,"column":0},"end":{"line":28,"column":49}},"28":{"start":{"line":29,"column":0},"end":{"line":29,"column":4}},"29":{"start":{"line":30,"column":0},"end":{"line":30,"column":17}},"30":{"start":{"line":31,"column":0},"end":{"line":31,"column":4}},"31":{"start":{"line":32,"column":0},"end":{"line":32,"column":30}},"32":{"start":{"line":33,"column":0},"end":{"line":33,"column":3}},"33":{"start":{"line":34,"column":0},"end":{"line":34,"column":15}},"34":{"start":{"line":35,"column":0},"end":{"line":35,"column":1}},"36":{"start":{"line":37,"column":0},"end":{"line":37,"column":34}},"40":{"start":{"line":41,"column":0},"end":{"line":41,"column":15}},"41":{"start":{"line":42,"column":0},"end":{"line":42,"column":56}},"42":{"start":{"line":43,"column":0},"end":{"line":43,"column":38}},"43":{"start":{"line":44,"column":0},"end":{"line":44,"column":60}},"44":{"start":{"line":45,"column":0},"end":{"line":45,"column":69}},"45":{"start":{"line":46,"column":0},"end":{"line":46,"column":12}},"46":{"start":{"line":47,"column":0},"end":{"line":47,"column":1}},"48":{"start":{"line":49,"column":0},"end":{"line":49,"column":37}},"53":{"start":{"line":54,"column":0},"end":{"line":54,"column":15}},"54":{"start":{"line":55,"column":0},"end":{"line":55,"column":38}},"55":{"start":{"line":56,"column":0},"end":{"line":56,"column":35}},"56":{"start":{"line":57,"column":0},"end":{"line":57,"column":26}},"57":{"start":{"line":58,"column":0},"end":{"line":58,"column":31}},"58":{"start":{"line":59,"column":0},"end":{"line":59,"column":34}},"59":{"start":{"line":60,"column":0},"end":{"line":60,"column":39}},"60":{"start":{"line":61,"column":0},"end":{"line":61,"column":18}},"61":{"start":{"line":62,"column":0},"end":{"line":62,"column":3}},"62":{"start":{"line":63,"column":0},"end":{"line":63,"column":38}},"63":{"start":{"line":64,"column":0},"end":{"line":64,"column":73}},"64":{"start":{"line":65,"column":0},"end":{"line":65,"column":17}},"65":{"start":{"line":66,"column":0},"end":{"line":66,"column":1}},"67":{"start":{"line":68,"column":0},"end":{"line":68,"column":82}},"68":{"start":{"line":69,"column":0},"end":{"line":69,"column":38}},"69":{"start":{"line":70,"column":0},"end":{"line":70,"column":65}},"70":{"start":{"line":71,"column":0},"end":{"line":71,"column":69}},"71":{"start":{"line":72,"column":0},"end":{"line":72,"column":1}}},"s":{"1":1,"2":1,"3":1,"4":1,"6":1,"7":5,"8":5,"9":5,"10":2,"11":2,"12":2,"13":2,"15":1,"19":4,"20":4,"21":4,"22":4,"23":4,"24":4,"25":4,"26":4,"27":4,"28":4,"29":4,"30":4,"31":4,"32":4,"33":4,"34":4,"36":1,"40":1,"41":1,"42":1,"43":1,"44":1,"45":1,"46":1,"48":1,"53":1,"54":1,"55":1,"56":1,"57":1,"58":1,"59":1,"60":1,"61":1,"62":1,"63":1,"64":1,"65":1,"67":1,"68":1,"69":1,"70":1,"71":1},"branchMap":{"0":{"type":"branch","line":7,"loc":{"start":{"line":7,"column":7},"end":{"line":14,"column":1}},"locations":[{"start":{"line":7,"column":7},"end":{"line":14,"column":1}}]},"1":{"type":"branch","line":10,"loc":{"start":{"line":10,"column":9},"end":{"line":10,"column":18}},"locations":[{"start":{"line":10,"column":9},"end":{"line":10,"column":18}}]},"2":{"type":"branch","line":10,"loc":{"start":{"line":10,"column":16},"end":{"line":14,"column":1}},"locations":[{"start":{"line":10,"column":16},"end":{"line":14,"column":1}}]},"3":{"type":"branch","line":9,"loc":{"start":{"line":9,"column":31},"end":{"line":9,"column":53}},"locations":[{"start":{"line":9,"column":31},"end":{"line":9,"column":53}}]},"4":{"type":"branch","line":12,"loc":{"start":{"line":12,"column":9},"end":{"line":12,"column":71}},"locations":[{"start":{"line":12,"column":9},"end":{"line":12,"column":71}}]},"5":{"type":"branch","line":16,"loc":{"start":{"line":16,"column":7},"end":{"line":35,"column":1}},"locations":[{"start":{"line":16,"column":7},"end":{"line":35,"column":1}}]},"6":{"type":"branch","line":23,"loc":{"start":{"line":23,"column":9},"end":{"line":33,"column":2}},"locations":[{"start":{"line":23,"column":9},"end":{"line":33,"column":2}}]},"7":{"type":"branch","line":24,"loc":{"start":{"line":24,"column":39},"end":{"line":31,"column":3}},"locations":[{"start":{"line":24,"column":39},"end":{"line":31,"column":3}}]},"8":{"type":"branch","line":25,"loc":{"start":{"line":25,"column":34},"end":{"line":25,"column":43}},"locations":[{"start":{"line":25,"column":34},"end":{"line":25,"column":43}}]},"9":{"type":"branch","line":37,"loc":{"start":{"line":37,"column":7},"end":{"line":47,"column":1}},"locations":[{"start":{"line":37,"column":7},"end":{"line":47,"column":1}}]},"10":{"type":"branch","line":49,"loc":{"start":{"line":49,"column":7},"end":{"line":66,"column":1}},"locations":[{"start":{"line":49,"column":7},"end":{"line":66,"column":1}}]},"11":{"type":"branch","line":58,"loc":{"start":{"line":58,"column":25},"end":{"line":62,"column":2}},"locations":[{"start":{"line":58,"column":25},"end":{"line":62,"column":2}}]},"12":{"type":"branch","line":59,"loc":{"start":{"line":59,"column":26},"end":{"line":59,"column":34}},"locations":[{"start":{"line":59,"column":26},"end":{"line":59,"column":34}}]},"13":{"type":"branch","line":68,"loc":{"start":{"line":68,"column":7},"end":{"line":72,"column":1}},"locations":[{"start":{"line":68,"column":7},"end":{"line":72,"column":1}}]},"14":{"type":"branch","line":70,"loc":{"start":{"line":70,"column":41},"end":{"line":70,"column":64}},"locations":[{"start":{"line":70,"column":41},"end":{"line":70,"column":64}}]}},"b":{"0":[5],"1":[3],"2":[2],"3":[3],"4":[2],"5":[4],"6":[4],"7":[4],"8":[0],"9":[1],"10":[1],"11":[1],"12":[0],"13":[1],"14":[1]},"fnMap":{"0":{"name":"getTimetable","decl":{"start":{"line":7,"column":7},"end":{"line":14,"column":1}},"loc":{"start":{"line":7,"column":7},"end":{"line":14,"column":1}},"line":7},"1":{"name":"setDayBlocks","decl":{"start":{"line":16,"column":7},"end":{"line":35,"column":1}},"loc":{"start":{"line":16,"column":7},"end":{"line":35,"column":1}},"line":16},"2":{"name":"addBlock","decl":{"start":{"line":37,"column":7},"end":{"line":47,"column":1}},"loc":{"start":{"line":37,"column":7},"end":{"line":47,"column":1}},"line":37},"3":{"name":"updateBlock","decl":{"start":{"line":49,"column":7},"end":{"line":66,"column":1}},"loc":{"start":{"line":49,"column":7},"end":{"line":66,"column":1}},"line":49},"4":{"name":"deleteBlock","decl":{"start":{"line":68,"column":7},"end":{"line":72,"column":1}},"loc":{"start":{"line":68,"column":7},"end":{"line":72,"column":1}},"line":68}},"f":{"0":5,"1":4,"2":1,"3":1,"4":1}}
,"/Users/joan.talarn/Personal/school-timetable/src/dataLayer/utils.ts": {"path":"/Users/joan.talarn/Personal/school-timetable/src/dataLayer/utils.ts","all":false,"statementMap":{"1":{"start":{"line":2,"column":0},"end":{"line":2,"column":42}},"2":{"start":{"line":3,"column":0},"end":{"line":3,"column":40}},"5":{"start":{"line":6,"column":0},"end":{"line":6,"column":53}},"7":{"start":{"line":8,"column":0},"end":{"line":8,"column":38}},"8":{"start":{"line":9,"column":0},"end":{"line":9,"column":47}},"9":{"start":{"line":10,"column":0},"end":{"line":10,"column":25}},"10":{"start":{"line":11,"column":0},"end":{"line":11,"column":5}},"11":{"start":{"line":12,"column":0},"end":{"line":12,"column":86}},"12":{"start":{"line":13,"column":0},"end":{"line":13,"column":29}},"13":{"start":{"line":14,"column":0},"end":{"line":14,"column":53}},"14":{"start":{"line":15,"column":0},"end":{"line":15,"column":61}},"15":{"start":{"line":16,"column":0},"end":{"line":16,"column":9}},"16":{"start":{"line":17,"column":0},"end":{"line":17,"column":5}},"17":{"start":{"line":18,"column":0},"end":{"line":18,"column":45}},"18":{"start":{"line":19,"column":0},"end":{"line":19,"column":34}},"19":{"start":{"line":20,"column":0},"end":{"line":20,"column":30}},"20":{"start":{"line":21,"column":0},"end":{"line":21,"column":58}},"21":{"start":{"line":22,"column":0},"end":{"line":22,"column":71}},"22":{"start":{"line":23,"column":0},"end":{"line":23,"column":9}},"23":{"start":{"line":24,"column":0},"end":{"line":24,"column":5}},"24":{"start":{"line":25,"column":0},"end":{"line":25,"column":17}},"25":{"start":{"line":26,"column":0},"end":{"line":26,"column":1}},"27":{"start":{"line":28,"column":0},"end":{"line":28,"column":59}},"28":{"start":{"line":29,"column":0},"end":{"line":29,"column":12}},"29":{"start":{"line":30,"column":0},"end":{"line":30,"column":16}},"30":{"start":{"line":31,"column":0},"end":{"line":31,"column":16}},"31":{"start":{"line":32,"column":0},"end":{"line":32,"column":16}},"32":{"start":{"line":33,"column":0},"end":{"line":33,"column":16}},"33":{"start":{"line":34,"column":0},"end":{"line":34,"column":16}},"34":{"start":{"line":35,"column":0},"end":{"line":35,"column":16}},"35":{"start":{"line":36,"column":0},"end":{"line":36,"column":16}},"36":{"start":{"line":37,"column":0},"end":{"line":37,"column":5}},"37":{"start":{"line":38,"column":0},"end":{"line":38,"column":1}},"40":{"start":{"line":41,"column":0},"end":{"line":41,"column":39}},"41":{"start":{"line":42,"column":0},"end":{"line":42,"column":50}},"42":{"start":{"line":43,"column":0},"end":{"line":43,"column":1}},"43":{"start":{"line":44,"column":0},"end":{"line":44,"column":41}},"44":{"start":{"line":45,"column":0},"end":{"line":45,"column":48}},"45":{"start":{"line":46,"column":0},"end":{"line":46,"column":1}}},"s":{"1":1,"2":1,"5":1,"7":6,"8":8,"9":8,"10":8,"11":6,"12":6,"13":4,"14":0,"15":0,"16":4,"17":6,"18":0,"19":0,"20":0,"21":0,"22":0,"23":0,"24":6,"25":6,"27":1,"28":5,"29":5,"30":5,"31":5,"32":5,"33":5,"34":5,"35":5,"36":5,"37":5,"40":1,"41":0,"42":0,"43":1,"44":0,"45":0},"branchMap":{"0":{"type":"branch","line":6,"loc":{"start":{"line":6,"column":7},"end":{"line":26,"column":1}},"locations":[{"start":{"line":6,"column":7},"end":{"line":26,"column":1}}]},"1":{"type":"branch","line":13,"loc":{"start":{"line":13,"column":28},"end":{"line":17,"column":5}},"locations":[{"start":{"line":13,"column":28},"end":{"line":17,"column":5}}]},"2":{"type":"branch","line":14,"loc":{"start":{"line":14,"column":52},"end":{"line":16,"column":9}},"locations":[{"start":{"line":14,"column":52},"end":{"line":16,"column":9}}]},"3":{"type":"branch","line":18,"loc":{"start":{"line":18,"column":44},"end":{"line":24,"column":5}},"locations":[{"start":{"line":18,"column":44},"end":{"line":24,"column":5}}]},"4":{"type":"branch","line":8,"loc":{"start":{"line":8,"column":22},"end":{"line":11,"column":5}},"locations":[{"start":{"line":8,"column":22},"end":{"line":11,"column":5}}]},"5":{"type":"branch","line":28,"loc":{"start":{"line":28,"column":7},"end":{"line":38,"column":1}},"locations":[{"start":{"line":28,"column":7},"end":{"line":38,"column":1}}]}},"b":{"0":[6],"1":[4],"2":[0],"3":[0],"4":[8],"5":[5]},"fnMap":{"0":{"name":"validateBlocks","decl":{"start":{"line":6,"column":7},"end":{"line":26,"column":1}},"loc":{"start":{"line":6,"column":7},"end":{"line":26,"column":1}},"line":6},"1":{"name":"toMinutes","decl":{"start":{"line":8,"column":22},"end":{"line":11,"column":5}},"loc":{"start":{"line":8,"column":22},"end":{"line":11,"column":5}},"line":8},"2":{"name":"emptyWeek","decl":{"start":{"line":28,"column":7},"end":{"line":38,"column":1}},"loc":{"start":{"line":28,"column":7},"end":{"line":38,"column":1}},"line":28},"3":{"name":"toBase64","decl":{"start":{"line":41,"column":7},"end":{"line":43,"column":1}},"loc":{"start":{"line":41,"column":7},"end":{"line":43,"column":1}},"line":41},"4":{"name":"fromBase64","decl":{"start":{"line":44,"column":7},"end":{"line":46,"column":1}},"loc":{"start":{"line":44,"column":7},"end":{"line":46,"column":1}},"line":44}},"f":{"0":6,"1":8,"2":5,"3":0,"4":0}}
,"/Users/joan.talarn/Personal/school-timetable/src/hooks/reactQueryHooks.ts": {"path":"/Users/joan.talarn/Personal/school-timetable/src/hooks/reactQueryHooks.ts","all":false,"statementMap":{"0":{"start":{"line":1,"column":0},"end":{"line":1,"column":77}},"1":{"start":{"line":2,"column":0},"end":{"line":2,"column":29}},"2":{"start":{"line":3,"column":0},"end":{"line":3,"column":77}},"3":{"start":{"line":4,"column":0},"end":{"line":4,"column":92}},"4":{"start":{"line":5,"column":0},"end":{"line":5,"column":43}},"6":{"start":{"line":7,"column":0},"end":{"line":7,"column":104}},"9":{"start":{"line":10,"column":0},"end":{"line":10,"column":30}},"10":{"start":{"line":11,"column":0},"end":{"line":11,"column":18}},"11":{"start":{"line":12,"column":0},"end":{"line":12,"column":25}},"12":{"start":{"line":13,"column":0},"end":{"line":13,"column":37}},"13":{"start":{"line":14,"column":0},"end":{"line":14,"column":3}},"14":{"start":{"line":15,"column":0},"end":{"line":15,"column":1}},"18":{"start":{"line":19,"column":0},"end":{"line":19,"column":35}},"19":{"start":{"line":20,"column":0},"end":{"line":20,"column":28}},"20":{"start":{"line":21,"column":0},"end":{"line":21,"column":78}},"21":{"start":{"line":22,"column":0},"end":{"line":22,"column":51}},"22":{"start":{"line":23,"column":0},"end":{"line":23,"column":30}},"23":{"start":{"line":24,"column":0},"end":{"line":24,"column":53}},"24":{"start":{"line":25,"column":0},"end":{"line":25,"column":109}},"25":{"start":{"line":26,"column":0},"end":{"line":26,"column":55}},"26":{"start":{"line":27,"column":0},"end":{"line":27,"column":55}},"27":{"start":{"line":28,"column":0},"end":{"line":28,"column":18}},"28":{"start":{"line":29,"column":0},"end":{"line":29,"column":4}},"29":{"start":{"line":30,"column":0},"end":{"line":30,"column":81}},"30":{"start":{"line":31,"column":0},"end":{"line":31,"column":68}},"31":{"start":{"line":32,"column":0},"end":{"line":32,"column":3}},"32":{"start":{"line":33,"column":0},"end":{"line":33,"column":1}},"34":{"start":{"line":35,"column":0},"end":{"line":35,"column":35}},"35":{"start":{"line":36,"column":0},"end":{"line":36,"column":28}},"36":{"start":{"line":37,"column":0},"end":{"line":37,"column":78}},"37":{"start":{"line":38,"column":0},"end":{"line":38,"column":63}},"38":{"start":{"line":39,"column":0},"end":{"line":39,"column":68}},"39":{"start":{"line":40,"column":0},"end":{"line":40,"column":3}},"40":{"start":{"line":41,"column":0},"end":{"line":41,"column":1}},"42":{"start":{"line":43,"column":0},"end":{"line":43,"column":35}},"43":{"start":{"line":44,"column":0},"end":{"line":44,"column":28}},"44":{"start":{"line":45,"column":0},"end":{"line":45,"column":44}},"45":{"start":{"line":46,"column":0},"end":{"line":46,"column":45}},"46":{"start":{"line":47,"column":0},"end":{"line":47,"column":20}},"47":{"start":{"line":48,"column":0},"end":{"line":48,"column":51}},"48":{"start":{"line":49,"column":0},"end":{"line":49,"column":54}},"49":{"start":{"line":50,"column":0},"end":{"line":50,"column":4}},"50":{"start":{"line":51,"column":0},"end":{"line":51,"column":3}},"51":{"start":{"line":52,"column":0},"end":{"line":52,"column":1}},"54":{"start":{"line":55,"column":0},"end":{"line":55,"column":27}},"55":{"start":{"line":56,"column":0},"end":{"line":56,"column":18}},"56":{"start":{"line":57,"column":0},"end":{"line":57,"column":22}},"57":{"start":{"line":58,"column":0},"end":{"line":58,"column":34}},"58":{"start":{"line":59,"column":0},"end":{"line":59,"column":3}},"59":{"start":{"line":60,"column":0},"end":{"line":60,"column":1}},"61":{"start":{"line":62,"column":0},"end":{"line":62,"column":32}},"62":{"start":{"line":63,"column":0},"end":{"line":63,"column":28}},"63":{"start":{"line":64,"column":0},"end":{"line":64,"column":52}},"64":{"start":{"line":65,"column":0},"end":{"line":65,"column":48}},"65":{"start":{"line":66,"column":0},"end":{"line":66,"column":20}},"66":{"start":{"line":67,"column":0},"end":{"line":67,"column":48}},"67":{"start":{"line":68,"column":0},"end":{"line":68,"column":54}},"68":{"start":{"line":69,"column":0},"end":{"line":69,"column":4}},"69":{"start":{"line":70,"column":0},"end":{"line":70,"column":3}},"70":{"start":{"line":71,"column":0},"end":{"line":71,"column":1}},"72":{"start":{"line":73,"column":0},"end":{"line":73,"column":32}},"73":{"start":{"line":74,"column":0},"end":{"line":74,"column":28}},"74":{"start":{"line":75,"column":0},"end":{"line":75,"column":72}},"75":{"start":{"line":76,"column":0},"end":{"line":76,"column":60}},"76":{"start":{"line":77,"column":0},"end":{"line":77,"column":65}},"77":{"start":{"line":78,"column":0},"end":{"line":78,"column":3}},"78":{"start":{"line":79,"column":0},"end":{"line":79,"column":1}},"80":{"start":{"line":81,"column":0},"end":{"line":81,"column":32}},"81":{"start":{"line":82,"column":0},"end":{"line":82,"column":28}},"82":{"start":{"line":83,"column":0},"end":{"line":83,"column":57}},"83":{"start":{"line":84,"column":0},"end":{"line":84,"column":32}},"84":{"start":{"line":85,"column":0},"end":{"line":85,"column":25}},"85":{"start":{"line":86,"column":0},"end":{"line":86,"column":19}},"86":{"start":{"line":87,"column":0},"end":{"line":87,"column":4}},"87":{"start":{"line":88,"column":0},"end":{"line":88,"column":20}},"88":{"start":{"line":89,"column":0},"end":{"line":89,"column":48}},"89":{"start":{"line":90,"column":0},"end":{"line":90,"column":54}},"90":{"start":{"line":91,"column":0},"end":{"line":91,"column":4}},"91":{"start":{"line":92,"column":0},"end":{"line":92,"column":3}},"92":{"start":{"line":93,"column":0},"end":{"line":93,"column":1}},"95":{"start":{"line":96,"column":0},"end":{"line":96,"column":48}},"96":{"start":{"line":97,"column":0},"end":{"line":97,"column":18}},"97":{"start":{"line":98,"column":0},"end":{"line":98,"column":37}},"98":{"start":{"line":99,"column":0},"end":{"line":99,"column":43}},"99":{"start":{"line":100,"column":0},"end":{"line":100,"column":3}},"100":{"start":{"line":101,"column":0},"end":{"line":101,"column":1}},"102":{"start":{"line":103,"column":0},"end":{"line":103,"column":35}},"103":{"start":{"line":104,"column":0},"end":{"line":104,"column":28}},"104":{"start":{"line":105,"column":0},"end":{"line":105,"column":20}},"108":{"start":{"line":109,"column":0},"end":{"line":109,"column":4}},"109":{"start":{"line":110,"column":0},"end":{"line":110,"column":28}},"110":{"start":{"line":111,"column":0},"end":{"line":111,"column":24}},"111":{"start":{"line":112,"column":0},"end":{"line":112,"column":58}},"112":{"start":{"line":113,"column":0},"end":{"line":113,"column":4}},"113":{"start":{"line":114,"column":0},"end":{"line":114,"column":90}},"114":{"start":{"line":115,"column":0},"end":{"line":115,"column":3}},"115":{"start":{"line":116,"column":0},"end":{"line":116,"column":1}},"117":{"start":{"line":118,"column":0},"end":{"line":118,"column":31}},"118":{"start":{"line":119,"column":0},"end":{"line":119,"column":28}},"119":{"start":{"line":120,"column":0},"end":{"line":120,"column":20}},"127":{"start":{"line":128,"column":0},"end":{"line":128,"column":4}},"128":{"start":{"line":129,"column":0},"end":{"line":129,"column":39}},"129":{"start":{"line":130,"column":0},"end":{"line":130,"column":90}},"130":{"start":{"line":131,"column":0},"end":{"line":131,"column":3}},"131":{"start":{"line":132,"column":0},"end":{"line":132,"column":1}},"133":{"start":{"line":134,"column":0},"end":{"line":134,"column":34}},"134":{"start":{"line":135,"column":0},"end":{"line":135,"column":28}},"135":{"start":{"line":136,"column":0},"end":{"line":136,"column":20}},"144":{"start":{"line":145,"column":0},"end":{"line":145,"column":4}},"145":{"start":{"line":146,"column":0},"end":{"line":146,"column":42}},"146":{"start":{"line":147,"column":0},"end":{"line":147,"column":90}},"147":{"start":{"line":148,"column":0},"end":{"line":148,"column":3}},"148":{"start":{"line":149,"column":0},"end":{"line":149,"column":1}},"150":{"start":{"line":151,"column":0},"end":{"line":151,"column":34}},"151":{"start":{"line":152,"column":0},"end":{"line":152,"column":28}},"152":{"start":{"line":153,"column":0},"end":{"line":153,"column":120}},"153":{"start":{"line":154,"column":0},"end":{"line":154,"column":28}},"154":{"start":{"line":155,"column":0},"end":{"line":155,"column":23}},"155":{"start":{"line":156,"column":0},"end":{"line":156,"column":50}},"156":{"start":{"line":157,"column":0},"end":{"line":157,"column":4}},"157":{"start":{"line":158,"column":0},"end":{"line":158,"column":90}},"158":{"start":{"line":159,"column":0},"end":{"line":159,"column":3}},"159":{"start":{"line":160,"column":0},"end":{"line":160,"column":1}}},"s":{"0":1,"1":1,"2":1,"3":1,"4":1,"6":1,"9":1,"10":1,"11":1,"12":1,"13":1,"14":1,"18":1,"19":1,"20":1,"21":1,"22":1,"23":0,"24":0,"25":0,"26":0,"27":0,"28":0,"29":1,"30":1,"31":1,"32":1,"34":1,"35":1,"36":1,"37":1,"38":1,"39":1,"40":1,"42":1,"43":1,"44":1,"45":1,"46":1,"47":0,"48":0,"49":0,"50":1,"51":1,"54":1,"55":1,"56":1,"57":1,"58":1,"59":1,"61":1,"62":1,"63":1,"64":1,"65":1,"66":0,"67":0,"68":0,"69":1,"70":1,"72":1,"73":1,"74":1,"75":1,"76":1,"77":1,"78":1,"80":1,"81":1,"82":1,"83":1,"84":0,"85":0,"86":0,"87":1,"88":0,"89":0,"90":0,"91":1,"92":1,"95":1,"96":1,"97":1,"98":1,"99":1,"100":1,"102":1,"103":1,"104":1,"108":1,"109":1,"110":0,"111":0,"112":0,"113":1,"114":1,"115":1,"117":1,"118":1,"119":1,"127":1,"128":1,"129":1,"130":1,"131":1,"133":1,"134":1,"135":1,"144":1,"145":1,"146":1,"147":1,"148":1,"150":1,"151":1,"152":1,"153":1,"154":0,"155":0,"156":0,"157":1,"158":1,"159":1},"branchMap":{"0":{"type":"branch","line":10,"loc":{"start":{"line":10,"column":7},"end":{"line":15,"column":1}},"locations":[{"start":{"line":10,"column":7},"end":{"line":15,"column":1}}]},"1":{"type":"branch","line":13,"loc":{"start":{"line":13,"column":11},"end":{"line":13,"column":37}},"locations":[{"start":{"line":13,"column":11},"end":{"line":13,"column":37}}]},"2":{"type":"branch","line":19,"loc":{"start":{"line":19,"column":7},"end":{"line":33,"column":1}},"locations":[{"start":{"line":19,"column":7},"end":{"line":33,"column":1}}]},"3":{"type":"branch","line":35,"loc":{"start":{"line":35,"column":7},"end":{"line":41,"column":1}},"locations":[{"start":{"line":35,"column":7},"end":{"line":41,"column":1}}]},"4":{"type":"branch","line":43,"loc":{"start":{"line":43,"column":7},"end":{"line":52,"column":1}},"locations":[{"start":{"line":43,"column":7},"end":{"line":52,"column":1}}]},"5":{"type":"branch","line":55,"loc":{"start":{"line":55,"column":7},"end":{"line":60,"column":1}},"locations":[{"start":{"line":55,"column":7},"end":{"line":60,"column":1}}]},"6":{"type":"branch","line":58,"loc":{"start":{"line":58,"column":11},"end":{"line":58,"column":34}},"locations":[{"start":{"line":58,"column":11},"end":{"line":58,"column":34}}]},"7":{"type":"branch","line":62,"loc":{"start":{"line":62,"column":7},"end":{"line":71,"column":1}},"locations":[{"start":{"line":62,"column":7},"end":{"line":71,"column":1}}]},"8":{"type":"branch","line":73,"loc":{"start":{"line":73,"column":7},"end":{"line":79,"column":1}},"locations":[{"start":{"line":73,"column":7},"end":{"line":79,"column":1}}]},"9":{"type":"branch","line":81,"loc":{"start":{"line":81,"column":7},"end":{"line":93,"column":1}},"locations":[{"start":{"line":81,"column":7},"end":{"line":93,"column":1}}]},"10":{"type":"branch","line":96,"loc":{"start":{"line":96,"column":7},"end":{"line":101,"column":1}},"locations":[{"start":{"line":96,"column":7},"end":{"line":101,"column":1}}]},"11":{"type":"branch","line":99,"loc":{"start":{"line":99,"column":11},"end":{"line":99,"column":43}},"locations":[{"start":{"line":99,"column":11},"end":{"line":99,"column":43}}]},"12":{"type":"branch","line":103,"loc":{"start":{"line":103,"column":7},"end":{"line":116,"column":1}},"locations":[{"start":{"line":103,"column":7},"end":{"line":116,"column":1}}]},"13":{"type":"branch","line":118,"loc":{"start":{"line":118,"column":7},"end":{"line":132,"column":1}},"locations":[{"start":{"line":118,"column":7},"end":{"line":132,"column":1}}]},"14":{"type":"branch","line":134,"loc":{"start":{"line":134,"column":7},"end":{"line":149,"column":1}},"locations":[{"start":{"line":134,"column":7},"end":{"line":149,"column":1}}]},"15":{"type":"branch","line":151,"loc":{"start":{"line":151,"column":7},"end":{"line":160,"column":1}},"locations":[{"start":{"line":151,"column":7},"end":{"line":160,"column":1}}]}},"b":{"0":[1],"1":[1],"2":[1],"3":[1],"4":[1],"5":[1],"6":[1],"7":[1],"8":[1],"9":[1],"10":[1],"11":[1],"12":[1],"13":[1],"14":[1],"15":[1]},"fnMap":{"0":{"name":"useMatters","decl":{"start":{"line":10,"column":7},"end":{"line":15,"column":1}},"loc":{"start":{"line":10,"column":7},"end":{"line":15,"column":1}},"line":10},"1":{"name":"queryFn","decl":{"start":{"line":13,"column":11},"end":{"line":13,"column":37}},"loc":{"start":{"line":13,"column":11},"end":{"line":13,"column":37}},"line":13},"2":{"name":"useCreateMatter","decl":{"start":{"line":19,"column":7},"end":{"line":33,"column":1}},"loc":{"start":{"line":19,"column":7},"end":{"line":33,"column":1}},"line":19},"3":{"name":"mutationFn","decl":{"start":{"line":22,"column":14},"end":{"line":22,"column":51}},"loc":{"start":{"line":22,"column":14},"end":{"line":22,"column":51}},"line":22},"4":{"name":"onMutate","decl":{"start":{"line":23,"column":12},"end":{"line":29,"column":4}},"loc":{"start":{"line":23,"column":12},"end":{"line":29,"column":4}},"line":23},"5":{"name":"onError","decl":{"start":{"line":30,"column":11},"end":{"line":30,"column":81}},"loc":{"start":{"line":30,"column":11},"end":{"line":30,"column":81}},"line":30},"6":{"name":"onSettled","decl":{"start":{"line":31,"column":13},"end":{"line":31,"column":68}},"loc":{"start":{"line":31,"column":13},"end":{"line":31,"column":68}},"line":31},"7":{"name":"useUpdateMatter","decl":{"start":{"line":35,"column":7},"end":{"line":41,"column":1}},"loc":{"start":{"line":35,"column":7},"end":{"line":41,"column":1}},"line":35},"8":{"name":"mutationFn","decl":{"start":{"line":38,"column":14},"end":{"line":38,"column":63}},"loc":{"start":{"line":38,"column":14},"end":{"line":38,"column":63}},"line":38},"9":{"name":"onSuccess","decl":{"start":{"line":39,"column":13},"end":{"line":39,"column":68}},"loc":{"start":{"line":39,"column":13},"end":{"line":39,"column":68}},"line":39},"10":{"name":"useDeleteMatter","decl":{"start":{"line":43,"column":7},"end":{"line":52,"column":1}},"loc":{"start":{"line":43,"column":7},"end":{"line":52,"column":1}},"line":43},"11":{"name":"mutationFn","decl":{"start":{"line":46,"column":14},"end":{"line":46,"column":45}},"loc":{"start":{"line":46,"column":14},"end":{"line":46,"column":45}},"line":46},"12":{"name":"onSuccess","decl":{"start":{"line":47,"column":13},"end":{"line":50,"column":4}},"loc":{"start":{"line":47,"column":13},"end":{"line":50,"column":4}},"line":47},"13":{"name":"useKids","decl":{"start":{"line":55,"column":7},"end":{"line":60,"column":1}},"loc":{"start":{"line":55,"column":7},"end":{"line":60,"column":1}},"line":55},"14":{"name":"queryFn","decl":{"start":{"line":58,"column":11},"end":{"line":58,"column":34}},"loc":{"start":{"line":58,"column":11},"end":{"line":58,"column":34}},"line":58},"15":{"name":"useCreateKid","decl":{"start":{"line":62,"column":7},"end":{"line":71,"column":1}},"loc":{"start":{"line":62,"column":7},"end":{"line":71,"column":1}},"line":62},"16":{"name":"mutationFn","decl":{"start":{"line":65,"column":14},"end":{"line":65,"column":48}},"loc":{"start":{"line":65,"column":14},"end":{"line":65,"column":48}},"line":65},"17":{"name":"onSuccess","decl":{"start":{"line":66,"column":13},"end":{"line":69,"column":4}},"loc":{"start":{"line":66,"column":13},"end":{"line":69,"column":4}},"line":66},"18":{"name":"useUpdateKid","decl":{"start":{"line":73,"column":7},"end":{"line":79,"column":1}},"loc":{"start":{"line":73,"column":7},"end":{"line":79,"column":1}},"line":73},"19":{"name":"mutationFn","decl":{"start":{"line":76,"column":14},"end":{"line":76,"column":60}},"loc":{"start":{"line":76,"column":14},"end":{"line":76,"column":60}},"line":76},"20":{"name":"onSuccess","decl":{"start":{"line":77,"column":13},"end":{"line":77,"column":65}},"loc":{"start":{"line":77,"column":13},"end":{"line":77,"column":65}},"line":77},"21":{"name":"useDeleteKid","decl":{"start":{"line":81,"column":7},"end":{"line":93,"column":1}},"loc":{"start":{"line":81,"column":7},"end":{"line":93,"column":1}},"line":81},"22":{"name":"mutationFn","decl":{"start":{"line":84,"column":14},"end":{"line":87,"column":4}},"loc":{"start":{"line":84,"column":14},"end":{"line":87,"column":4}},"line":84},"23":{"name":"onSuccess","decl":{"start":{"line":88,"column":13},"end":{"line":91,"column":4}},"loc":{"start":{"line":88,"column":13},"end":{"line":91,"column":4}},"line":88},"24":{"name":"useTimetable","decl":{"start":{"line":96,"column":7},"end":{"line":101,"column":1}},"loc":{"start":{"line":96,"column":7},"end":{"line":101,"column":1}},"line":96},"25":{"name":"queryFn","decl":{"start":{"line":99,"column":11},"end":{"line":99,"column":43}},"loc":{"start":{"line":99,"column":11},"end":{"line":99,"column":43}},"line":99},"26":{"name":"useSetDayBlocks","decl":{"start":{"line":103,"column":7},"end":{"line":116,"column":1}},"loc":{"start":{"line":103,"column":7},"end":{"line":116,"column":1}},"line":103},"27":{"name":"mutationFn","decl":{"start":{"line":110,"column":14},"end":{"line":113,"column":4}},"loc":{"start":{"line":110,"column":14},"end":{"line":113,"column":4}},"line":110},"28":{"name":"onSuccess","decl":{"start":{"line":114,"column":13},"end":{"line":114,"column":90}},"loc":{"start":{"line":114,"column":13},"end":{"line":114,"column":90}},"line":114},"29":{"name":"useAddBlock","decl":{"start":{"line":118,"column":7},"end":{"line":132,"column":1}},"loc":{"start":{"line":118,"column":7},"end":{"line":132,"column":1}},"line":118},"30":{"name":"mutationFn","decl":{"start":{"line":129,"column":14},"end":{"line":129,"column":39}},"loc":{"start":{"line":129,"column":14},"end":{"line":129,"column":39}},"line":129},"31":{"name":"onSuccess","decl":{"start":{"line":130,"column":13},"end":{"line":130,"column":90}},"loc":{"start":{"line":130,"column":13},"end":{"line":130,"column":90}},"line":130},"32":{"name":"useUpdateBlock","decl":{"start":{"line":134,"column":7},"end":{"line":149,"column":1}},"loc":{"start":{"line":134,"column":7},"end":{"line":149,"column":1}},"line":134},"33":{"name":"mutationFn","decl":{"start":{"line":146,"column":14},"end":{"line":146,"column":42}},"loc":{"start":{"line":146,"column":14},"end":{"line":146,"column":42}},"line":146},"34":{"name":"onSuccess","decl":{"start":{"line":147,"column":13},"end":{"line":147,"column":90}},"loc":{"start":{"line":147,"column":13},"end":{"line":147,"column":90}},"line":147},"35":{"name":"useDeleteBlock","decl":{"start":{"line":151,"column":7},"end":{"line":160,"column":1}},"loc":{"start":{"line":151,"column":7},"end":{"line":160,"column":1}},"line":151},"36":{"name":"mutationFn","decl":{"start":{"line":154,"column":14},"end":{"line":157,"column":4}},"loc":{"start":{"line":154,"column":14},"end":{"line":157,"column":4}},"line":154},"37":{"name":"onSuccess","decl":{"start":{"line":158,"column":13},"end":{"line":158,"column":90}},"loc":{"start":{"line":158,"column":13},"end":{"line":158,"column":90}},"line":158}},"f":{"0":1,"1":1,"2":1,"3":0,"4":0,"5":0,"6":0,"7":1,"8":0,"9":0,"10":1,"11":0,"12":0,"13":1,"14":1,"15":1,"16":0,"17":0,"18":1,"19":0,"20":0,"21":1,"22":0,"23":0,"24":1,"25":1,"26":1,"27":0,"28":0,"29":1,"30":0,"31":0,"32":1,"33":0,"34":0,"35":1,"36":0,"37":0}}
,"/Users/joan.talarn/Personal/school-timetable/src/hooks/useA2HS.ts": {"path":"/Users/joan.talarn/Personal/school-timetable/src/hooks/useA2HS.ts","all":false,"statementMap":{"0":{"start":{"line":1,"column":0},"end":{"line":1,"column":43}},"9":{"start":{"line":10,"column":0},"end":{"line":10,"column":27}},"10":{"start":{"line":11,"column":0},"end":{"line":11,"column":92}},"11":{"start":{"line":12,"column":0},"end":{"line":12,"column":52}},"13":{"start":{"line":14,"column":0},"end":{"line":14,"column":18}},"14":{"start":{"line":15,"column":0},"end":{"line":15,"column":33}},"15":{"start":{"line":16,"column":0},"end":{"line":16,"column":46}},"16":{"start":{"line":17,"column":0},"end":{"line":17,"column":25}},"17":{"start":{"line":18,"column":0},"end":{"line":18,"column":27}},"18":{"start":{"line":19,"column":0},"end":{"line":19,"column":22}},"19":{"start":{"line":20,"column":0},"end":{"line":20,"column":3}},"20":{"start":{"line":21,"column":0},"end":{"line":21,"column":57}},"21":{"start":{"line":22,"column":0},"end":{"line":22,"column":73}},"22":{"start":{"line":23,"column":0},"end":{"line":23,"column":7}},"24":{"start":{"line":25,"column":0},"end":{"line":25,"column":36}},"25":{"start":{"line":26,"column":0},"end":{"line":26,"column":29}},"26":{"start":{"line":27,"column":0},"end":{"line":27,"column":25}},"27":{"start":{"line":28,"column":0},"end":{"line":28,"column":33}},"28":{"start":{"line":29,"column":0},"end":{"line":29,"column":25}},"29":{"start":{"line":30,"column":0},"end":{"line":30,"column":22}},"30":{"start":{"line":31,"column":0},"end":{"line":31,"column":2}},"32":{"start":{"line":33,"column":0},"end":{"line":33,"column":37}},"33":{"start":{"line":34,"column":0},"end":{"line":34,"column":1}}},"s":{"0":1,"9":1,"10":1,"11":1,"13":1,"14":1,"15":0,"16":0,"17":0,"18":0,"19":0,"20":1,"21":1,"22":1,"24":1,"25":0,"26":0,"27":0,"28":0,"29":0,"30":0,"32":1,"33":1},"branchMap":{"0":{"type":"branch","line":10,"loc":{"start":{"line":10,"column":7},"end":{"line":34,"column":1}},"locations":[{"start":{"line":10,"column":7},"end":{"line":34,"column":1}}]},"1":{"type":"branch","line":14,"loc":{"start":{"line":14,"column":11},"end":{"line":23,"column":4}},"locations":[{"start":{"line":14,"column":11},"end":{"line":23,"column":4}}]},"2":{"type":"branch","line":22,"loc":{"start":{"line":22,"column":9},"end":{"line":22,"column":73}},"locations":[{"start":{"line":22,"column":9},"end":{"line":22,"column":73}}]}},"b":{"0":[1],"1":[1],"2":[1]},"fnMap":{"0":{"name":"useA2HS","decl":{"start":{"line":10,"column":7},"end":{"line":34,"column":1}},"loc":{"start":{"line":10,"column":7},"end":{"line":34,"column":1}},"line":10},"1":{"name":"handler","decl":{"start":{"line":15,"column":18},"end":{"line":20,"column":3}},"loc":{"start":{"line":15,"column":18},"end":{"line":20,"column":3}},"line":15},"2":{"name":"promptInstall","decl":{"start":{"line":25,"column":23},"end":{"line":31,"column":2}},"loc":{"start":{"line":25,"column":23},"end":{"line":31,"column":2}},"line":25}},"f":{"0":1,"1":0,"2":0}}
,"/Users/joan.talarn/Personal/school-timetable/src/types/index.ts": {"path":"/Users/joan.talarn/Personal/school-timetable/src/types/index.ts","all":false,"statementMap":{},"s":{},"branchMap":{},"b":{},"fnMap":{},"f":{}}
}
